[
 ['TY', 'noun'],
 ['-', 'hy'],
 ['JOUR', 'noun'],
 ['DB', 'noun'],
 ['-', 'hy'],
 ['PubMed', 'noun'],
 ['AU', 'noun'],
 ['-', 'hy'],
 ['Signorello', 'noun'],
 [',', 'cm'],
 ['L', 'noun'],
 ['B', 'noun'],
 ['AU', 'noun'],
 ['-', 'hy'],
 ['Kennedy', 'noun'],
 [',', 'cm'],
 ['J', 'noun'],
 ['A', 'det'],
 ['AU', 'noun'],
 ['-', 'hy'],
 ['Richmond', 'noun'],
 [',', 'cm'],
 ['R', 'noun'],
 ['A', 'det'],
 ['AU', 'noun'],
 ['-', 'hy'],
 ['Sieu', 'noun'],
 [',', 'cm'],
 ['K', 'noun'],
 ['L', 'noun'],
 ['AU', 'noun'],
 ['-', 'hy'],
 ['Blot', 'noun'],
 [',', 'cm'],
 ['W', 'noun'],
 ['J', 'noun'],
 ['AU', 'noun'],
 ['-', 'hy'],
 ['Harrison', 'noun'],
 [',', 'cm'],
 ['D', 'noun'],
 ['C', 'noun'],
 ['T1', 'noun'],
 ['-', 'hy'],
 ['Self', 'pron'],
 ['-', 'hy'],
 ['reported', 'adj'],
 ['quality', 'noun'],
 ['of', 'prep'],
 ['life', 'noun'],
 ['and', 'conj'],
 ['health', 'noun'],
 ['among', 'prep'],
 ['Bj?rk', 'noun'],
 ['-', 'hy'],
 ['Shiley', 'noun'],
 ['convexo', 'noun'],
 ['-', 'hy'],
 ['concave', 'noun'],
 ['prosthetic', 'adj'],
 ['heart', 'noun'],
 ['valve', 'noun'],
 ['patients', 'noun'],
 ['LA', 'noun'],
 ['-', 'hy'],
 ['eng', 'noun'],
 ['SN', 'noun'],
 ['-', 'hy'],
 ['0966', 'num'],
 ['-', 'hy'],
 ['8519', 'num'],
 ['Y1', 'noun'],
 ['-', 'hy'],
 ['2001', 'num'],
 ['/', 'sl'],
 ['03', 'num'],
 ['/', 'sl'],
 ['AB', 'noun'],
 ['-', 'hy'],
 ['BACKGROUND', 'noun'],
 ['AND', 'conj'],
 ['AIM', 'noun'],
 ['OF', 'prep'],
 ['THE', 'det'],
 ['STUDY', 'noun'],
 [':', 'cl'],
 ['The', 'det'],
 ['risk', 'noun'],
 ['of', 'prep'],
 ['fracture', 'noun'],
 ['of', 'prep'],
 ['Bj?rk', 'noun'],
 ['-', 'hy'],
 ['Shiley', 'noun'],
 ['convexo', 'noun'],
 ['-', 'hy'],
 ['concave', 'noun'],
 ['(', 'lp'],
 ['BSCC', 'noun'],
 [')', 'rp'],
 ['prosthetic', 'noun'],
 ['heart', 'noun'],
 ['valves', 'noun'],
 ['has', 'aux'],
 ['resulted', 'verb'],
 ['in', 'prep'],
 ['consideration', 'noun'],
 ['of', 'prep'],
 ['prophylactic', 'adj'],
 ['explantation', 'noun'],
 ['and', 'conj'],
 ['replacement', 'noun'],
 ['for', 'prep'],
 ['patients', 'noun'],
 ['with', 'prep'],
 ['high', 'adj'],
 ['-', 'hy'],
 ['risk', 'noun'],
 ['valves', 'noun'],
 ['.', 'pd'],
 ['Little', 'adj'],
 ['information', 'noun'],
 ['exists', 'verb'],
 ['on', 'prep'],
 ['perceived', 'adj'],
 ['quality', 'noun'],
 ['of', 'prep'],
 ['life', 'noun'],
 [',', 'cm'],
 ['health', 'noun'],
 ['status', 'noun'],
 [',', 'cm'],
 ['and', 'conj'],
 ['serious', 'adj'],
 ['morbidity', 'noun'],
 ['among', 'prep'],
 ['BSCC', 'noun'],
 ['patients', 'noun'],
 [',', 'cm'],
 ['including', 'verb'],
 ['those', 'det'],
 ['who', 'pron'],
 ['have', 'aux'],
 ['undergone', 'adj'],
 ['explantation', 'noun'],
 ['.', 'pd'],
 ['METHODS', 'noun'],
 [':', 'cl'],
 ['Self', 'pron'],
 ['-', 'hy'],
 ['administered', 'adj'],
 ['questionnaires', 'noun'],
 ['were', 'aux'],
 ['completed', 'verb'],
 ['by', 'prep'],
 ['a', 'det'],
 ['cohort', 'noun'],
 ['of', 'prep'],
 ['585', 'num'],
 ['BSCC', 'noun'],
 ['patients', 'noun'],
 ['who', 'pron'],
 ['participated', 'verb'],
 ['in', 'prep'],
 ['an', 'det'],
 ['X', 'noun'],
 ['-', 'hy'],
 ['ray', 'noun'],
 ['imaging', 'verb'],
 ['study', 'noun'],
 ['to', 'adv'],
 ['detect', 'verb'],
 ['precursors', 'noun'],
 ['to', 'prep'],
 ['valve', 'noun'],
 ['fracture', 'noun'],
 ['up', 'prep'],
 ['to', 'prep'],
 ['seven', 'adv'],
 ['years', 'noun'],
 ['(', 'lp'],
 ['average', 'noun'],
 ['3', 'num'],
 ['.', 'pd'],
 ['9', 'num'],
 ['years', 'noun'],
 [')', 'rp'],
 ['previously', 'adv'],
 ['.', 'pd'],
 ['Responses', 'noun'],
 ['from', 'prep'],
 ['31', 'num'],
 ['explant', 'adj'],
 ['patients', 'noun'],
 ['were', 'aux'],
 ['contrasted', 'verb'],
 ['with', 'prep'],
 ['those', 'det'],
 ['from', 'prep'],
 ['554', 'num'],
 ['BSCC', 'noun'],
 ['patients', 'noun'],
 ['in', 'prep'],
 ['whom', 'pron'],
 ['explant', 'adj'],
 ['surgery', 'noun'],
 ['was', 'aux'],
 ['not', 'adv'],
 ['attempted', 'verb'],
 ['.', 'pd'],
 ['RESULTS', 'noun'],
 [':', 'cl'],
 ['Perceived', 'adj'],
 ['quality', 'noun'],
 ['of', 'prep'],
 ['life', 'noun'],
 ['and', 'conj'],
 ['health', 'noun'],
 ['status', 'noun'],
 ['and', 'conj'],
 ['risk', 'noun'],
 ['of', 'prep'],
 ['hospitalization', 'noun'],
 ['after', 'prep'],
 ['participating', 'noun'],
 ['in', 'prep'],
 ['the', 'det'],
 ['imaging', 'adj'],
 ['study', 'noun'],
 ['varied', 'verb'],
 ['considerably', 'adv'],
 ['among', 'prep'],
 ['patients', 'noun'],
 [',', 'cm'],
 ['but', 'conj'],
 ['on', 'prep'],
 ['average', 'noun'],
 ['tended', 'verb'],
 ['not', 'adv'],
 ['to', 'adv'],
 ['differ', 'verb'],
 ['significantly', 'adv'],
 ['between', 'prep'],
 ['those', 'det'],
 ['with', 'prep'],
 ['and', 'conj'],
 ['without', 'prep'],
 ['explants', 'noun'],
 ['.', 'pd'],
 ['A', 'det'],
 ['slightly', 'adv'],
 ['greater', 'adj'],
 ['proportion', 'noun'],
 ['of', 'prep'],
 ['explantees', 'noun'],
 ['tended', 'verb'],
 ['to', 'adv'],
 ['report', 'verb'],
 ['both', 'conj'],
 ['improved', 'adj'],
 ['health', 'noun'],
 ['status', 'noun'],
 ['and', 'conj'],
 ['high', 'adj'],
 ['rates', 'noun'],
 ['of', 'prep'],
 ['heart', 'noun'],
 ['attack', 'noun'],
 ['and', 'conj'],
 ['pacemaker', 'noun'],
 ['implantation', 'noun'],
 ['.', 'pd'],
 ['The', 'det'],
 ['health', 'noun'],
 ['status', 'noun'],
 ['of', 'prep'],
 ['these', 'det'],
 ['patients', 'noun'],
 ['was', 'aux'],
 [',', 'cm'],
 ['in', 'prep'],
 ['general', 'adj'],
 [',', 'cm'],
 ['considerably', 'adv'],
 ['worse', 'adj'],
 ['than', 'prep'],
 ['previously', 'adv'],
 ['reported', 'verb'],
 ['among', 'prep'],
 ['valve', 'noun'],
 ['implant', 'noun'],
 ['patients', 'noun'],
 ['.', 'pd'],
 ['Over', 'prep'],
 ['half', 'noun'],
 ['the', 'det'],
 ['cohort', 'noun'],
 ['were', 'aux'],
 ['hospitalized', 'verb'],
 ['during', 'prep'],
 ['follow', 'verb'],
 ['up', 'prep'],
 [',', 'cm'],
 ['and', 'conj'],
 ['half', 'noun'],
 ['were', 'aux'],
 ['unable', 'adj'],
 ['to', 'adv'],
 ['walk', 'verb'],
 ['up', 'prep'],
 ['more', 'adv'],
 ['than', 'prep'],
 ['one', 'noun'],
 ['flight', 'noun'],
 ['of', 'prep'],
 ['stairs', 'noun'],
 ['without', 'prep'],
 ['shortness', 'noun'],
 ['of', 'prep'],
 ['breath', 'noun'],
 ['.', 'pd'],
 ['CONCLUSION', 'noun'],
 [':', 'cl'],
 ['The', 'det'],
 ['less', 'adv'],
 ['than', 'prep'],
 ['optimal', 'adj'],
 ['health', 'noun'],
 ['status', 'noun'],
 ['of', 'prep'],
 ['most', 'det'],
 ['BSCC', 'noun'],
 ['patients', 'noun'],
 ['and', 'conj'],
 ['relatively', 'adv'],
 ['high', 'adj'],
 ['rates', 'noun'],
 ['of', 'prep'],
 ['morbidity', 'noun'],
 ['should', 'modal'],
 ['be', 'aux'],
 ['taken', 'verb'],
 ['into', 'prep'],
 ['account', 'noun'],
 ['when', 'conj'],
 ['considering', 'verb'],
 ['potential', 'adj'],
 ['explantation', 'noun'],
 ['of', 'prep'],
 ['the', 'det'],
 ['valves', 'noun'],
 ['.', 'pd'],
 ['SP', 'noun'],
 ['-', 'hy'],
 ['210', 'num'],
 ['EP', 'noun'],
 ['-', 'hy'],
 ['218', 'num'],
 ['VL', 'noun'],
 ['-', 'hy'],
 ['10', 'num'],
 ['IS', 'aux'],
 ['-', 'hy'],
 ['2', 'num'],
 ['AN', 'det'],
 ['-', 'hy'],
 ['11297208', 'num'],
 ['UR', 'noun'],
 ['-', 'hy'],
 ['https', 'noun'],
 [':', 'cl'],
 ['/', 'sl'],
 ['/', 'sl'],
 ['www', 'noun'],
 ['.', 'pd'],
 ['ncbi', 'noun'],
 ['.', 'pd'],
 ['nlm', 'noun'],
 ['.', 'pd'],
 ['nih', 'noun'],
 ['.', 'pd'],
 ['gov', 'noun'],
 ['/', 'sl'],
 ['pubmed', 'noun'],
 ['/', 'sl'],
 ['11297208', 'num'],
 ['U1', 'noun'],
 ['-', 'hy'],
 ['11297208', 'num'],
 ['[', 'lk'],
 ['pmid', 'noun'],
 [']', 'rk'],
 ['J2', 'noun'],
 ['-', 'hy'],
 ['J', 'noun'],
 ['Heart', 'noun'],
 ['Valve', 'noun'],
 ['Dis', 'noun'],
 ['JF', 'noun'],
 ['-', 'hy'],
 ['The', 'det'],
 ['Journal', 'noun'],
 ['of', 'prep'],
 ['heart', 'noun'],
 ['valve', 'noun'],
 ['disease', 'noun'],
 ['KW', 'noun'],
 ['-', 'hy'],
 ['Aged', 'adj'],
 ['KW', 'noun'],
 ['-', 'hy'],
 ['Cohort', 'noun'],
 ['Studies', 'verb'],
 ['KW', 'noun'],
 ['-', 'hy'],
 ['Data', 'noun'],
 ['Collection', 'noun'],
 ['KW', 'noun'],
 ['-', 'hy'],
 ['Female', 'noun'],
 ['KW', 'noun'],
 ['-', 'hy'],
 ['*', 'ax'],
 ['Health', 'noun'],
 ['Status', 'noun'],
 ['KW', 'noun'],
 ['-', 'hy'],
 ['Heart', 'noun'],
 ['Valve', 'noun'],
 ['Diseases', 'noun'],
 ['/', 'sl'],
 ['*', 'ax'],
 ['surgery', 'noun'],
 ['KW', 'noun'],
 ['-', 'hy'],
 ['*', 'ax'],
 ['Heart', 'noun'],
 ['Valve', 'noun'],
 ['Prosthesis', 'noun'],
 ['KW', 'noun'],
 ['-', 'hy'],
 ['Heart', 'noun'],
 ['Valves', 'noun'],
 ['/', 'sl'],
 ['transplantation', 'noun'],
 ['KW', 'noun'],
 ['-', 'hy'],
 ['Humans', 'noun'],
 ['KW', 'noun'],
 ['-', 'hy'],
 ['Male', 'noun'],
 ['KW', 'noun'],
 ['-', 'hy'],
 ['Middle', 'noun'],
 ['Aged', 'adj'],
 ['KW', 'noun'],
 ['-', 'hy'],
 ['*', 'ax'],
 ['Prosthesis', 'noun'],
 ['Failure', 'noun'],
 ['KW', 'noun'],
 ['-', 'hy'],
 ['*', 'ax'],
 ['Quality', 'noun'],
 ['of', 'prep'],
 ['Life', 'noun'],
 ['KW', 'noun'],
 ['-', 'hy'],
 ['*', 'ax'],
 ['Self', 'pron'],
 ['Concept', 'noun'],
 ['CY', 'noun'],
 ['-', 'hy'],
 ['England', 'noun'],
 ['ER', 'noun'],
 ['-', 'hy']
].
^THE_END^
